
{
	gl.supports_vertex_array_object: true
	cocos2d.x.version: quick-cocos2d-x 3.3
	gl.vendor: Intel Inc.
	gl.supports_PVRTC: false
	gl.renderer: Intel Iris OpenGL Engine
	cocos2d.x.compiled_with_profiler: false
	gl.max_texture_size: 16384
	gl.supports_ETC1: false
	gl.supports_BGRA8888: false
	cocos2d.x.build_type: DEBUG
	gl.supports_discard_framebuffer: false
	gl.supports_NPOT: true
	gl.supports_S3TC: true
	gl.version: 2.1 INTEL-10.0.86
	gl.supports_ATITC: false
	gl.max_texture_units: 16
	cocos2d.x.compiled_with_gl_state_cache: true
}


Quick-Cocos2d-x C++ support ready.
------------------------------------------------
LOAD LUA FILE: /Users/dizi/GitHub/KillAnts/src/main.lua
------------------------------------------------
[LUA-print] ===========================================================
[LUA-print]               LOAD QUICK FRAMEWORK
[LUA-print] ===========================================================
[LUA-print] [INFO] 
[LUA-print] [INFO] # DEBUG                        = 1
[LUA-print] [INFO] #
[LUA-print] [INFO] # device.platform              = mac
[LUA-print] [INFO] # device.model                 = unknown
[LUA-print] [INFO] # device.language              = cn
[LUA-print] [INFO] # device.writablePath          = /Users/dizi/GitHub/KillAnts/
[LUA-print] [INFO] # device.directorySeparator    = /
[LUA-print] [INFO] # device.pathSeparator         = :
[LUA-print] [INFO] #
libpng warning: iCCP: known incorrect sRGB profile
[LUA-print] [INFO] # CONFIG_SCREEN_AUTOSCALE      = FIXED_HEIGHT
[LUA-print] [INFO] # CONFIG_SCREEN_WIDTH          = 960.00
[LUA-print] [INFO] # CONFIG_SCREEN_HEIGHT         = 640.00
[LUA-print] [INFO] # display.widthInPixels        = 960.00
[LUA-print] [INFO] # display.heightInPixels       = 640.00
[LUA-print] [INFO] # display.contentScaleFactor   = 1.00
[LUA-print] [INFO] # display.width                = 960.00
[LUA-print] [INFO] # display.height               = 640.00
[LUA-print] [INFO] # display.cx                   = 480.00
[LUA-print] [INFO] # display.cy                   = 320.00
[LUA-print] [INFO] # display.left                 = 0.00
[LUA-print] [INFO] # display.right                = 960.00
[LUA-print] [INFO] # display.top                  = 640.00
[LUA-print] [INFO] # display.bottom               = 0.00
[LUA-print] [INFO] # display.c_left               = -480.00
[LUA-print] [INFO] # display.c_right              = 480.00
[LUA-print] [INFO] # display.c_top                = 320.00
[LUA-print] [INFO] # display.c_bottom             = -320.00
[LUA-print] [INFO] #
[LUA-print] PLAY BUTTON CLICKED
can not get file data of src/app/models/BugAnt.lua
[LUA-print] ----------------------------------------
[LUA-print] LUA ERROR: [string "framework/functions.lua"]:481: module 'app.models.BugAnt' not found:
	no field package.preload['app.models.BugAnt']
	no file './app/models/BugAnt.lua'
	no file '/usr/local/share/lua/5.1/app/models/BugAnt.lua'
	no file '/usr/local/share/lua/5.1/app/models/BugAnt/init.lua'
	no file '/usr/local/lib/lua/5.1/app/models/BugAnt.lua'
	no file '/usr/local/lib/lua/5.1/app/models/BugAnt/init.lua'
	no file '/Users/dizi/GitHub/KillAnts/src/app/models/BugAnt.lua'
	no file 'src/'
	no file './app/models/BugAnt.so'
	no file '/usr/local/lib/lua/5.1/app/models/BugAnt.so'
	no file '/usr/local/lib/lua/5.1/loadall.so'
	no file './app.so'
	no file '/usr/local/lib/lua/5.1/app.so'
	no file '/usr/local/lib/lua/5.1/loadall.so'

[LUA-print] 
stack traceback:
	[C]: in function 'require'
	[string "framework/functions.lua"]:481: in function 'import'
	[string "app/scenes/PlayScene.lua"]:6: in main chunk
	[C]: in function 'require'
	[string "framework/cc/mvc/AppBase.lua"]:39: in function 'enterScene'
	[string "app/scenes/MainScene.lua"]:24: in function '?'
	[string "framework/cc/components/behavior/EventProtocol.lua"]:59: in function <[string "framework/cc/components/behavior/EventProtocol.lua"]:38>
	(tail call): ?
	[string "framework/cc/ui/UIPushButton.lua"]:122: in function <[string "framework/cc/ui/UIPushButton.lua"]:94>
	(tail call): ?
	[string "framework/cocos2dx/NodeEx.lua"]:394: in function <[string "framework/cocos2dx/NodeEx.lua"]:348>
[LUA-print] ----------------------------------------
[LUA-print] PLAY BUTTON CLICKED
[LUA-print] ----------------------------------------
[LUA-print] LUA ERROR: [string "framework/cc/mvc/AppBase.lua"]:39: loop or previous error loading module 'app.scenes.PlayScene'

[LUA-print] 
stack traceback:
	[C]: in function 'require'
	[string "framework/cc/mvc/AppBase.lua"]:39: in function 'enterScene'
	[string "app/scenes/MainScene.lua"]:24: in function '?'
	[string "framework/cc/components/behavior/EventProtocol.lua"]:59: in function <[string "framework/cc/components/behavior/EventProtocol.lua"]:38>
	(tail call): ?
	[string "framework/cc/ui/UIPushButton.lua"]:122: in function <[string "framework/cc/ui/UIPushButton.lua"]:94>
	(tail call): ?
	[string "framework/cocos2dx/NodeEx.lua"]:394: in function <[string "framework/cocos2dx/NodeEx.lua"]:348>
[LUA-print] ----------------------------------------
[LUA-print] PLAY BUTTON CLICKED
[LUA-print] ----------------------------------------
[LUA-print] LUA ERROR: [string "framework/cc/mvc/AppBase.lua"]:39: loop or previous error loading module 'app.scenes.PlayScene'

[LUA-print] 
stack traceback:
	[C]: in function 'require'
	[string "framework/cc/mvc/AppBase.lua"]:39: in function 'enterScene'
	[string "app/scenes/MainScene.lua"]:24: in function '?'
	[string "framework/cc/components/behavior/EventProtocol.lua"]:59: in function <[string "framework/cc/components/behavior/EventProtocol.lua"]:38>
	(tail call): ?
	[string "framework/cc/ui/UIPushButton.lua"]:122: in function <[string "framework/cc/ui/UIPushButton.lua"]:94>
	(tail call): ?
	[string "framework/cocos2dx/NodeEx.lua"]:394: in function <[string "framework/cocos2dx/NodeEx.lua"]:348>
[LUA-print] ----------------------------------------
[LUA-print] PLAY BUTTON CLICKED
[LUA-print] ----------------------------------------
[LUA-print] LUA ERROR: [string "framework/cc/mvc/AppBase.lua"]:39: loop or previous error loading module 'app.scenes.PlayScene'

[LUA-print] 
stack traceback:
	[C]: in function 'require'
	[string "framework/cc/mvc/AppBase.lua"]:39: in function 'enterScene'
	[string "app/scenes/MainScene.lua"]:24: in function '?'
	[string "framework/cc/components/behavior/EventProtocol.lua"]:59: in function <[string "framework/cc/components/behavior/EventProtocol.lua"]:38>
	(tail call): ?
	[string "framework/cc/ui/UIPushButton.lua"]:122: in function <[string "framework/cc/ui/UIPushButton.lua"]:94>
	(tail call): ?
	[string "framework/cocos2dx/NodeEx.lua"]:394: in function <[string "framework/cocos2dx/NodeEx.lua"]:348>
[LUA-print] ----------------------------------------
[LUA-print] PLAY BUTTON CLICKED
[LUA-print] ----------------------------------------
[LUA-print] LUA ERROR: [string "framework/cc/mvc/AppBase.lua"]:39: loop or previous error loading module 'app.scenes.PlayScene'

[LUA-print] 
stack traceback:
	[C]: in function 'require'
	[string "framework/cc/mvc/AppBase.lua"]:39: in function 'enterScene'
	[string "app/scenes/MainScene.lua"]:24: in function '?'
	[string "framework/cc/components/behavior/EventProtocol.lua"]:59: in function <[string "framework/cc/components/behavior/EventProtocol.lua"]:38>
	(tail call): ?
	[string "framework/cc/ui/UIPushButton.lua"]:122: in function <[string "framework/cc/ui/UIPushButton.lua"]:94>
	(tail call): ?
	[string "framework/cocos2dx/NodeEx.lua"]:394: in function <[string "framework/cocos2dx/NodeEx.lua"]:348>
[LUA-print] ----------------------------------------
[LUA-print] PLAY BUTTON CLICKED
[LUA-print] ----------------------------------------
[LUA-print] LUA ERROR: [string "framework/cc/mvc/AppBase.lua"]:39: loop or previous error loading module 'app.scenes.PlayScene'

[LUA-print] 
stack traceback:
	[C]: in function 'require'
	[string "framework/cc/mvc/AppBase.lua"]:39: in function 'enterScene'
	[string "app/scenes/MainScene.lua"]:24: in function '?'
	[string "framework/cc/components/behavior/EventProtocol.lua"]:59: in function <[string "framework/cc/components/behavior/EventProtocol.lua"]:38>
	(tail call): ?
	[string "framework/cc/ui/UIPushButton.lua"]:122: in function <[string "framework/cc/ui/UIPushButton.lua"]:94>
	(tail call): ?
	[string "framework/cocos2dx/NodeEx.lua"]:394: in function <[string "framework/cocos2dx/NodeEx.lua"]:348>
[LUA-print] ----------------------------------------
[LUA-print] PLAY BUTTON CLICKED
[LUA-print] ----------------------------------------
[LUA-print] LUA ERROR: [string "framework/cc/mvc/AppBase.lua"]:39: loop or previous error loading module 'app.scenes.PlayScene'

[LUA-print] 
stack traceback:
	[C]: in function 'require'
	[string "framework/cc/mvc/AppBase.lua"]:39: in function 'enterScene'
	[string "app/scenes/MainScene.lua"]:24: in function '?'
	[string "framework/cc/components/behavior/EventProtocol.lua"]:59: in function <[string "framework/cc/components/behavior/EventProtocol.lua"]:38>
	(tail call): ?
	[string "framework/cc/ui/UIPushButton.lua"]:122: in function <[string "framework/cc/ui/UIPushButton.lua"]:94>
	(tail call): ?
	[string "framework/cocos2dx/NodeEx.lua"]:394: in function <[string "framework/cocos2dx/NodeEx.lua"]:348>
[LUA-print] ----------------------------------------
[LUA-print] PLAY BUTTON CLICKED
[LUA-print] ----------------------------------------
[LUA-print] LUA ERROR: [string "framework/cc/mvc/AppBase.lua"]:39: loop or previous error loading module 'app.scenes.PlayScene'

[LUA-print] 
stack traceback:
	[C]: in function 'require'
	[string "framework/cc/mvc/AppBase.lua"]:39: in function 'enterScene'
	[string "app/scenes/MainScene.lua"]:24: in function '?'
	[string "framework/cc/components/behavior/EventProtocol.lua"]:59: in function <[string "framework/cc/components/behavior/EventProtocol.lua"]:38>
	(tail call): ?
	[string "framework/cc/ui/UIPushButton.lua"]:122: in function <[string "framework/cc/ui/UIPushButton.lua"]:94>
	(tail call): ?
	[string "framework/cocos2dx/NodeEx.lua"]:394: in function <[string "framework/cocos2dx/NodeEx.lua"]:348>
[LUA-print] ----------------------------------------
[LUA-print] PLAY BUTTON CLICKED
[LUA-print] ----------------------------------------
[LUA-print] LUA ERROR: [string "framework/cc/mvc/AppBase.lua"]:39: loop or previous error loading module 'app.scenes.PlayScene'

[LUA-print] 
stack traceback:
	[C]: in function 'require'
	[string "framework/cc/mvc/AppBase.lua"]:39: in function 'enterScene'
	[string "app/scenes/MainScene.lua"]:24: in function '?'
	[string "framework/cc/components/behavior/EventProtocol.lua"]:59: in function <[string "framework/cc/components/behavior/EventProtocol.lua"]:38>
	(tail call): ?
	[string "framework/cc/ui/UIPushButton.lua"]:122: in function <[string "framework/cc/ui/UIPushButton.lua"]:94>
	(tail call): ?
	[string "framework/cocos2dx/NodeEx.lua"]:394: in function <[string "framework/cocos2dx/NodeEx.lua"]:348>
[LUA-print] ----------------------------------------
[LUA-print] PLAY BUTTON CLICKED
[LUA-print] ----------------------------------------
[LUA-print] LUA ERROR: [string "framework/cc/mvc/AppBase.lua"]:39: loop or previous error loading module 'app.scenes.PlayScene'

[LUA-print] 
stack traceback:
	[C]: in function 'require'
	[string "framework/cc/mvc/AppBase.lua"]:39: in function 'enterScene'
	[string "app/scenes/MainScene.lua"]:24: in function '?'
	[string "framework/cc/components/behavior/EventProtocol.lua"]:59: in function <[string "framework/cc/components/behavior/EventProtocol.lua"]:38>
	(tail call): ?
	[string "framework/cc/ui/UIPushButton.lua"]:122: in function <[string "framework/cc/ui/UIPushButton.lua"]:94>
	(tail call): ?
	[string "framework/cocos2dx/NodeEx.lua"]:394: in function <[string "framework/cocos2dx/NodeEx.lua"]:348>
[LUA-print] ----------------------------------------
[LUA-print] PLAY BUTTON CLICKED
[LUA-print] ----------------------------------------
[LUA-print] LUA ERROR: [string "framework/cc/mvc/AppBase.lua"]:39: loop or previous error loading module 'app.scenes.PlayScene'

[LUA-print] 
stack traceback:
	[C]: in function 'require'
	[string "framework/cc/mvc/AppBase.lua"]:39: in function 'enterScene'
	[string "app/scenes/MainScene.lua"]:24: in function '?'
	[string "framework/cc/components/behavior/EventProtocol.lua"]:59: in function <[string "framework/cc/components/behavior/EventProtocol.lua"]:38>
	(tail call): ?
	[string "framework/cc/ui/UIPushButton.lua"]:122: in function <[string "framework/cc/ui/UIPushButton.lua"]:94>
	(tail call): ?
	[string "framework/cocos2dx/NodeEx.lua"]:394: in function <[string "framework/cocos2dx/NodeEx.lua"]:348>
[LUA-print] ----------------------------------------
[LUA-print] PLAY BUTTON CLICKED
[LUA-print] ----------------------------------------
[LUA-print] LUA ERROR: [string "framework/cc/mvc/AppBase.lua"]:39: loop or previous error loading module 'app.scenes.PlayScene'

[LUA-print] 
stack traceback:
	[C]: in function 'require'
	[string "framework/cc/mvc/AppBase.lua"]:39: in function 'enterScene'
	[string "app/scenes/MainScene.lua"]:24: in function '?'
	[string "framework/cc/components/behavior/EventProtocol.lua"]:59: in function <[string "framework/cc/components/behavior/EventProtocol.lua"]:38>
	(tail call): ?
	[string "framework/cc/ui/UIPushButton.lua"]:122: in function <[string "framework/cc/ui/UIPushButton.lua"]:94>
	(tail call): ?
	[string "framework/cocos2dx/NodeEx.lua"]:394: in function <[string "framework/cocos2dx/NodeEx.lua"]:348>
[LUA-print] ----------------------------------------
[LUA-print] PLAY BUTTON CLICKED
[LUA-print] ----------------------------------------
[LUA-print] LUA ERROR: [string "framework/cc/mvc/AppBase.lua"]:39: loop or previous error loading module 'app.scenes.PlayScene'

[LUA-print] 
stack traceback:
	[C]: in function 'require'
	[string "framework/cc/mvc/AppBase.lua"]:39: in function 'enterScene'
	[string "app/scenes/MainScene.lua"]:24: in function '?'
	[string "framework/cc/components/behavior/EventProtocol.lua"]:59: in function <[string "framework/cc/components/behavior/EventProtocol.lua"]:38>
	(tail call): ?
	[string "framework/cc/ui/UIPushButton.lua"]:122: in function <[string "framework/cc/ui/UIPushButton.lua"]:94>
	(tail call): ?
	[string "framework/cocos2dx/NodeEx.lua"]:394: in function <[string "framework/cocos2dx/NodeEx.lua"]:348>
[LUA-print] ----------------------------------------
[LUA-print] PLAY BUTTON CLICKED
[LUA-print] ----------------------------------------
[LUA-print] LUA ERROR: [string "framework/cc/mvc/AppBase.lua"]:39: loop or previous error loading module 'app.scenes.PlayScene'

[LUA-print] 
stack traceback:
	[C]: in function 'require'
	[string "framework/cc/mvc/AppBase.lua"]:39: in function 'enterScene'
	[string "app/scenes/MainScene.lua"]:24: in function '?'
	[string "framework/cc/components/behavior/EventProtocol.lua"]:59: in function <[string "framework/cc/components/behavior/EventProtocol.lua"]:38>
	(tail call): ?
	[string "framework/cc/ui/UIPushButton.lua"]:122: in function <[string "framework/cc/ui/UIPushButton.lua"]:94>
	(tail call): ?
	[string "framework/cocos2dx/NodeEx.lua"]:394: in function <[string "framework/cocos2dx/NodeEx.lua"]:348>
[LUA-print] ----------------------------------------
[LUA-print] PLAY BUTTON CLICKED
[LUA-print] ----------------------------------------
[LUA-print] LUA ERROR: [string "framework/cc/mvc/AppBase.lua"]:39: loop or previous error loading module 'app.scenes.PlayScene'

[LUA-print] 
stack traceback:
	[C]: in function 'require'
	[string "framework/cc/mvc/AppBase.lua"]:39: in function 'enterScene'
	[string "app/scenes/MainScene.lua"]:24: in function '?'
	[string "framework/cc/components/behavior/EventProtocol.lua"]:59: in function <[string "framework/cc/components/behavior/EventProtocol.lua"]:38>
	(tail call): ?
	[string "framework/cc/ui/UIPushButton.lua"]:122: in function <[string "framework/cc/ui/UIPushButton.lua"]:94>
	(tail call): ?
	[string "framework/cocos2dx/NodeEx.lua"]:394: in function <[string "framework/cocos2dx/NodeEx.lua"]:348>
[LUA-print] ----------------------------------------
[LUA-print] PLAY BUTTON CLICKED
[LUA-print] ----------------------------------------
[LUA-print] LUA ERROR: [string "framework/cc/mvc/AppBase.lua"]:39: loop or previous error loading module 'app.scenes.PlayScene'

[LUA-print] 
stack traceback:
	[C]: in function 'require'
	[string "framework/cc/mvc/AppBase.lua"]:39: in function 'enterScene'
	[string "app/scenes/MainScene.lua"]:24: in function '?'
	[string "framework/cc/components/behavior/EventProtocol.lua"]:59: in function <[string "framework/cc/components/behavior/EventProtocol.lua"]:38>
	(tail call): ?
	[string "framework/cc/ui/UIPushButton.lua"]:122: in function <[string "framework/cc/ui/UIPushButton.lua"]:94>
	(tail call): ?
	[string "framework/cocos2dx/NodeEx.lua"]:394: in function <[string "framework/cocos2dx/NodeEx.lua"]:348>
[LUA-print] ----------------------------------------
[LUA-print] PLAY BUTTON CLICKED
[LUA-print] ----------------------------------------
[LUA-print] LUA ERROR: [string "framework/cc/mvc/AppBase.lua"]:39: loop or previous error loading module 'app.scenes.PlayScene'

[LUA-print] 
stack traceback:
	[C]: in function 'require'
	[string "framework/cc/mvc/AppBase.lua"]:39: in function 'enterScene'
	[string "app/scenes/MainScene.lua"]:24: in function '?'
	[string "framework/cc/components/behavior/EventProtocol.lua"]:59: in function <[string "framework/cc/components/behavior/EventProtocol.lua"]:38>
	(tail call): ?
	[string "framework/cc/ui/UIPushButton.lua"]:122: in function <[string "framework/cc/ui/UIPushButton.lua"]:94>
	(tail call): ?
	[string "framework/cocos2dx/NodeEx.lua"]:394: in function <[string "framework/cocos2dx/NodeEx.lua"]:348>
[LUA-print] ----------------------------------------
[LUA-print] PLAY BUTTON CLICKED
[LUA-print] ----------------------------------------
[LUA-print] LUA ERROR: [string "framework/cc/mvc/AppBase.lua"]:39: loop or previous error loading module 'app.scenes.PlayScene'

[LUA-print] 
stack traceback:
	[C]: in function 'require'
	[string "framework/cc/mvc/AppBase.lua"]:39: in function 'enterScene'
	[string "app/scenes/MainScene.lua"]:24: in function '?'
	[string "framework/cc/components/behavior/EventProtocol.lua"]:59: in function <[string "framework/cc/components/behavior/EventProtocol.lua"]:38>
	(tail call): ?
	[string "framework/cc/ui/UIPushButton.lua"]:122: in function <[string "framework/cc/ui/UIPushButton.lua"]:94>
	(tail call): ?
	[string "framework/cocos2dx/NodeEx.lua"]:394: in function <[string "framework/cocos2dx/NodeEx.lua"]:348>
[LUA-print] ----------------------------------------
[LUA-print] PLAY BUTTON CLICKED
[LUA-print] ----------------------------------------
[LUA-print] LUA ERROR: [string "framework/cc/mvc/AppBase.lua"]:39: loop or previous error loading module 'app.scenes.PlayScene'

[LUA-print] 
stack traceback:
	[C]: in function 'require'
	[string "framework/cc/mvc/AppBase.lua"]:39: in function 'enterScene'
	[string "app/scenes/MainScene.lua"]:24: in function '?'
	[string "framework/cc/components/behavior/EventProtocol.lua"]:59: in function <[string "framework/cc/components/behavior/EventProtocol.lua"]:38>
	(tail call): ?
	[string "framework/cc/ui/UIPushButton.lua"]:122: in function <[string "framework/cc/ui/UIPushButton.lua"]:94>
	(tail call): ?
	[string "framework/cocos2dx/NodeEx.lua"]:394: in function <[string "framework/cocos2dx/NodeEx.lua"]:348>
[LUA-print] ----------------------------------------
[LUA-print] PLAY BUTTON CLICKED
[LUA-print] ----------------------------------------
[LUA-print] LUA ERROR: [string "framework/cc/mvc/AppBase.lua"]:39: loop or previous error loading module 'app.scenes.PlayScene'

[LUA-print] 
stack traceback:
	[C]: in function 'require'
	[string "framework/cc/mvc/AppBase.lua"]:39: in function 'enterScene'
	[string "app/scenes/MainScene.lua"]:24: in function '?'
	[string "framework/cc/components/behavior/EventProtocol.lua"]:59: in function <[string "framework/cc/components/behavior/EventProtocol.lua"]:38>
	(tail call): ?
	[string "framework/cc/ui/UIPushButton.lua"]:122: in function <[string "framework/cc/ui/UIPushButton.lua"]:94>
	(tail call): ?
	[string "framework/cocos2dx/NodeEx.lua"]:394: in function <[string "framework/cocos2dx/NodeEx.lua"]:348>
[LUA-print] ----------------------------------------
[LUA-print] PLAY BUTTON CLICKED
[LUA-print] ----------------------------------------
[LUA-print] LUA ERROR: [string "framework/cc/mvc/AppBase.lua"]:39: loop or previous error loading module 'app.scenes.PlayScene'

[LUA-print] 
stack traceback:
	[C]: in function 'require'
	[string "framework/cc/mvc/AppBase.lua"]:39: in function 'enterScene'
	[string "app/scenes/MainScene.lua"]:24: in function '?'
	[string "framework/cc/components/behavior/EventProtocol.lua"]:59: in function <[string "framework/cc/components/behavior/EventProtocol.lua"]:38>
	(tail call): ?
	[string "framework/cc/ui/UIPushButton.lua"]:122: in function <[string "framework/cc/ui/UIPushButton.lua"]:94>
	(tail call): ?
	[string "framework/cocos2dx/NodeEx.lua"]:394: in function <[string "framework/cocos2dx/NodeEx.lua"]:348>
[LUA-print] ----------------------------------------
[LUA-print] PLAY BUTTON CLICKED
[LUA-print] ----------------------------------------
[LUA-print] LUA ERROR: [string "framework/cc/mvc/AppBase.lua"]:39: loop or previous error loading module 'app.scenes.PlayScene'

[LUA-print] 
stack traceback:
	[C]: in function 'require'
	[string "framework/cc/mvc/AppBase.lua"]:39: in function 'enterScene'
	[string "app/scenes/MainScene.lua"]:24: in function '?'
	[string "framework/cc/components/behavior/EventProtocol.lua"]:59: in function <[string "framework/cc/components/behavior/EventProtocol.lua"]:38>
	(tail call): ?
	[string "framework/cc/ui/UIPushButton.lua"]:122: in function <[string "framework/cc/ui/UIPushButton.lua"]:94>
	(tail call): ?
	[string "framework/cocos2dx/NodeEx.lua"]:394: in function <[string "framework/cocos2dx/NodeEx.lua"]:348>
[LUA-print] ----------------------------------------
[LUA-print] PLAY BUTTON CLICKED
[LUA-print] ----------------------------------------
[LUA-print] LUA ERROR: [string "framework/cc/mvc/AppBase.lua"]:39: loop or previous error loading module 'app.scenes.PlayScene'

[LUA-print] 
stack traceback:
	[C]: in function 'require'
	[string "framework/cc/mvc/AppBase.lua"]:39: in function 'enterScene'
	[string "app/scenes/MainScene.lua"]:24: in function '?'
	[string "framework/cc/components/behavior/EventProtocol.lua"]:59: in function <[string "framework/cc/components/behavior/EventProtocol.lua"]:38>
	(tail call): ?
	[string "framework/cc/ui/UIPushButton.lua"]:122: in function <[string "framework/cc/ui/UIPushButton.lua"]:94>
	(tail call): ?
	[string "framework/cocos2dx/NodeEx.lua"]:394: in function <[string "framework/cocos2dx/NodeEx.lua"]:348>
[LUA-print] ----------------------------------------
[LUA-print] PLAY BUTTON CLICKED
[LUA-print] ----------------------------------------
[LUA-print] LUA ERROR: [string "framework/cc/mvc/AppBase.lua"]:39: loop or previous error loading module 'app.scenes.PlayScene'

[LUA-print] 
stack traceback:
	[C]: in function 'require'
	[string "framework/cc/mvc/AppBase.lua"]:39: in function 'enterScene'
	[string "app/scenes/MainScene.lua"]:24: in function '?'
	[string "framework/cc/components/behavior/EventProtocol.lua"]:59: in function <[string "framework/cc/components/behavior/EventProtocol.lua"]:38>
	(tail call): ?
	[string "framework/cc/ui/UIPushButton.lua"]:122: in function <[string "framework/cc/ui/UIPushButton.lua"]:94>
	(tail call): ?
	[string "framework/cocos2dx/NodeEx.lua"]:394: in function <[string "framework/cocos2dx/NodeEx.lua"]:348>
[LUA-print] ----------------------------------------
[LUA-print] PLAY BUTTON CLICKED
[LUA-print] ----------------------------------------
[LUA-print] LUA ERROR: [string "framework/cc/mvc/AppBase.lua"]:39: loop or previous error loading module 'app.scenes.PlayScene'

[LUA-print] 
stack traceback:
	[C]: in function 'require'
	[string "framework/cc/mvc/AppBase.lua"]:39: in function 'enterScene'
	[string "app/scenes/MainScene.lua"]:24: in function '?'
	[string "framework/cc/components/behavior/EventProtocol.lua"]:59: in function <[string "framework/cc/components/behavior/EventProtocol.lua"]:38>
	(tail call): ?
	[string "framework/cc/ui/UIPushButton.lua"]:122: in function <[string "framework/cc/ui/UIPushButton.lua"]:94>
	(tail call): ?
	[string "framework/cocos2dx/NodeEx.lua"]:394: in function <[string "framework/cocos2dx/NodeEx.lua"]:348>
[LUA-print] ----------------------------------------
[LUA-print] PLAY BUTTON CLICKED
[LUA-print] ----------------------------------------
[LUA-print] LUA ERROR: [string "framework/cc/mvc/AppBase.lua"]:39: loop or previous error loading module 'app.scenes.PlayScene'

[LUA-print] 
stack traceback:
	[C]: in function 'require'
	[string "framework/cc/mvc/AppBase.lua"]:39: in function 'enterScene'
	[string "app/scenes/MainScene.lua"]:24: in function '?'
	[string "framework/cc/components/behavior/EventProtocol.lua"]:59: in function <[string "framework/cc/components/behavior/EventProtocol.lua"]:38>
	(tail call): ?
	[string "framework/cc/ui/UIPushButton.lua"]:122: in function <[string "framework/cc/ui/UIPushButton.lua"]:94>
	(tail call): ?
	[string "framework/cocos2dx/NodeEx.lua"]:394: in function <[string "framework/cocos2dx/NodeEx.lua"]:348>
[LUA-print] ----------------------------------------
